  stdafx.cpp
f:\opencv_study\module4_(trackbar练习)\module4_(trackbar练习)\stdafx.cpp : warning C4819: 该文件包含不能在当前代码页(936)中表示的字符。请将该文件保存为 Unicode 格式以防止数据丢失
f:\opencv_study\module4_(trackbar练习)\module4_(trackbar练习)\stdafx.h : warning C4819: 该文件包含不能在当前代码页(936)中表示的字符。请将该文件保存为 Unicode 格式以防止数据丢失
f:\opencv_study\module4_(trackbar练习)\module4_(trackbar练习)\targetver.h : warning C4819: 该文件包含不能在当前代码页(936)中表示的字符。请将该文件保存为 Unicode 格式以防止数据丢失
  Module4Trackbar练习.cpp
f:\opencv_study\module4_(trackbar练习)\module4_(trackbar练习)\module4trackbar练习.cpp : warning C4819: 该文件包含不能在当前代码页(936)中表示的字符。请将该文件保存为 Unicode 格式以防止数据丢失
Module4Trackbar练习.obj : error LNK2019: 无法解析的外部符号 _cvLoadImage，该符号在函数 "void __cdecl SwitchPhoto(int)" (?SwitchPhoto@@YAXH@Z) 中被引用
Module4Trackbar练习.obj : error LNK2019: 无法解析的外部符号 _cvNamedWindow，该符号在函数 _main 中被引用
Module4Trackbar练习.obj : error LNK2019: 无法解析的外部符号 _cvShowImage，该符号在函数 "void __cdecl SwitchPhoto(int)" (?SwitchPhoto@@YAXH@Z) 中被引用
Module4Trackbar练习.obj : error LNK2019: 无法解析的外部符号 _cvDestroyAllWindows，该符号在函数 "void __cdecl SwitchPhoto(int)" (?SwitchPhoto@@YAXH@Z) 中被引用
Module4Trackbar练习.obj : error LNK2019: 无法解析的外部符号 _cvCreateTrackbar，该符号在函数 _main 中被引用
Module4Trackbar练习.obj : error LNK2019: 无法解析的外部符号 _cvWaitKey，该符号在函数 _main 中被引用
G:\OpenCV\opencv\build\x64\vc14\lib\opencv_world330.lib : warning LNK4272: 库计算机类型“x64”与目标计算机类型“x86”冲突
G:\OpenCV\opencv\build\x64\vc14\lib\opencv_world330d.lib : warning LNK4272: 库计算机类型“x64”与目标计算机类型“x86”冲突
F:\OpenCV_Study\Module4_(Trackbar练习)\Debug\Module4_(Trackbar练习).exe : fatal error LNK1120: 6 个无法解析的外部命令
